<?xml version="1.0" encoding="UTF-8"?>
<!-- Generated by org.testng.reporters.JUnitXMLReporter -->
<testsuite ignored="0" hostname="DESKTOP-VE62NKE" failures="0" tests="6" name="Default test" time="0.057" errors="0" timestamp="2020-12-13T03:38:27 IST">
  <testcase classname="CalculatorTest" name="DelimitedThreeSum" time="0.006"/>
  <testcase classname="CalculatorTest" name="DelimitedTwoSum" time="0.001"/>
  <testcase classname="CalculatorTest" name="FixNegative" time="0.001"/>
  <testcase classname="CalculatorTest" name="Sum" time="0.002"/>
  <testcase classname="CalculatorTest" name="emptyStringReturnsZero" time="0.003"/>
  <testcase classname="CalculatorTest" name="singleValueIsReplied" time="0.002"/>
</testsuite> <!-- Default test -->
