<?xml version="1.0" encoding="UTF-8"?>
<!-- Generated by org.testng.reporters.JUnitXMLReporter -->
<testsuite ignored="0" hostname="DESKTOP-VE62NKE" failures="0" tests="4" name="Default test" time="0.054" errors="0" timestamp="2020-12-13T03:15:14 IST">
  <testcase classname="CalculatorTest" name="DelimitedRuns" time="0.007"/>
  <testcase classname="CalculatorTest" name="Sum" time="0.001"/>
  <testcase classname="CalculatorTest" name="emptyStringReturnsZero" time="0.0"/>
  <testcase classname="CalculatorTest" name="singleValueIsReplied" time="0.001"/>
</testsuite> <!-- Default test -->
