<?xml version="1.0" encoding="UTF-8"?>
<testng-results ignored="0" total="2" passed="2" failed="0" skipped="0">
  <reporter-output>
  </reporter-output>
  <suite started-at="2020-12-13T02:58:20 IST" name="Default suite" finished-at="2020-12-13T02:58:20 IST" duration-ms="57">
    <groups>
    </groups>
    <test started-at="2020-12-13T02:58:20 IST" name="Default test" finished-at="2020-12-13T02:58:20 IST" duration-ms="57">
      <class name="CalculatorTest">
        <test-method is-config="true" signature="init()[pri:0, instance:CalculatorTest@358ee631]" started-at="2020-12-13T02:58:20 IST" name="init" finished-at="2020-12-13T02:58:20 IST" duration-ms="10" status="PASS">
          <reporter-output>
          </reporter-output>
        </test-method> <!-- init -->
        <test-method signature="emptyStringReturnsZero()[pri:0, instance:CalculatorTest@358ee631]" started-at="2020-12-13T02:58:20 IST" name="emptyStringReturnsZero" finished-at="2020-12-13T02:58:20 IST" duration-ms="11" status="PASS">
          <reporter-output>
          </reporter-output>
        </test-method> <!-- emptyStringReturnsZero -->
        <test-method signature="singleValueIsReplied()[pri:0, instance:CalculatorTest@358ee631]" started-at="2020-12-13T02:58:20 IST" name="singleValueIsReplied" finished-at="2020-12-13T02:58:20 IST" duration-ms="2" status="PASS">
          <reporter-output>
          </reporter-output>
        </test-method> <!-- singleValueIsReplied -->
      </class> <!-- CalculatorTest -->
    </test> <!-- Default test -->
  </suite> <!-- Default suite -->
</testng-results>
