<?xml version="1.0" encoding="UTF-8"?>
<testng-results ignored="0" total="5" passed="5" failed="0" skipped="0">
  <reporter-output>
  </reporter-output>
  <suite started-at="2020-12-13T03:27:36 IST" name="Default suite" finished-at="2020-12-13T03:27:36 IST" duration-ms="48">
    <groups>
    </groups>
    <test started-at="2020-12-13T03:27:36 IST" name="Default test" finished-at="2020-12-13T03:27:36 IST" duration-ms="48">
      <class name="CalculatorTest">
        <test-method is-config="true" signature="init()[pri:0, instance:CalculatorTest@60dcc9fe]" started-at="2020-12-13T03:27:36 IST" name="init" finished-at="2020-12-13T03:27:36 IST" duration-ms="7" status="PASS">
          <reporter-output>
          </reporter-output>
        </test-method> <!-- init -->
        <test-method signature="DelimitedThreeSum()[pri:0, instance:CalculatorTest@60dcc9fe]" started-at="2020-12-13T03:27:36 IST" name="DelimitedThreeSum" finished-at="2020-12-13T03:27:36 IST" duration-ms="5" status="PASS">
          <reporter-output>
          </reporter-output>
        </test-method> <!-- DelimitedThreeSum -->
        <test-method signature="DelimitedTwoSum()[pri:0, instance:CalculatorTest@60dcc9fe]" started-at="2020-12-13T03:27:36 IST" name="DelimitedTwoSum" finished-at="2020-12-13T03:27:36 IST" duration-ms="0" status="PASS">
          <reporter-output>
          </reporter-output>
        </test-method> <!-- DelimitedTwoSum -->
        <test-method signature="Sum()[pri:0, instance:CalculatorTest@60dcc9fe]" started-at="2020-12-13T03:27:36 IST" name="Sum" finished-at="2020-12-13T03:27:36 IST" duration-ms="0" status="PASS">
          <reporter-output>
          </reporter-output>
        </test-method> <!-- Sum -->
        <test-method signature="emptyStringReturnsZero()[pri:0, instance:CalculatorTest@60dcc9fe]" started-at="2020-12-13T03:27:36 IST" name="emptyStringReturnsZero" finished-at="2020-12-13T03:27:36 IST" duration-ms="3" status="PASS">
          <reporter-output>
          </reporter-output>
        </test-method> <!-- emptyStringReturnsZero -->
        <test-method signature="singleValueIsReplied()[pri:0, instance:CalculatorTest@60dcc9fe]" started-at="2020-12-13T03:27:36 IST" name="singleValueIsReplied" finished-at="2020-12-13T03:27:36 IST" duration-ms="1" status="PASS">
          <reporter-output>
          </reporter-output>
        </test-method> <!-- singleValueIsReplied -->
      </class> <!-- CalculatorTest -->
    </test> <!-- Default test -->
  </suite> <!-- Default suite -->
</testng-results>
